Determining if the pthread_create exist failed with the following output:
Change Dir: /home/ubuntu/gpu-mst/RecMST-Duplicate/build/CMakeFiles/CMakeTmp

Run Build Command:"/usr/bin/make" "cmTC_2cf4e/fast"
/usr/bin/make -f CMakeFiles/cmTC_2cf4e.dir/build.make CMakeFiles/cmTC_2cf4e.dir/build
make[1]: Entering directory '/home/ubuntu/gpu-mst/RecMST-Duplicate/build/CMakeFiles/CMakeTmp'
Building CXX object CMakeFiles/cmTC_2cf4e.dir/CheckSymbolExists.cxx.o
/usr/bin/c++     -o CMakeFiles/cmTC_2cf4e.dir/CheckSymbolExists.cxx.o -c /home/ubuntu/gpu-mst/RecMST-Duplicate/build/CMakeFiles/CMakeTmp/CheckSymbolExists.cxx
Linking CXX executable cmTC_2cf4e
/usr/bin/cmake -E cmake_link_script CMakeFiles/cmTC_2cf4e.dir/link.txt --verbose=1
/usr/bin/c++       CMakeFiles/cmTC_2cf4e.dir/CheckSymbolExists.cxx.o  -o cmTC_2cf4e 
CMakeFiles/cmTC_2cf4e.dir/CheckSymbolExists.cxx.o: In function `main':
CheckSymbolExists.cxx:(.text+0x1b): undefined reference to `pthread_create'
collect2: error: ld returned 1 exit status
CMakeFiles/cmTC_2cf4e.dir/build.make:97: recipe for target 'cmTC_2cf4e' failed
make[1]: *** [cmTC_2cf4e] Error 1
make[1]: Leaving directory '/home/ubuntu/gpu-mst/RecMST-Duplicate/build/CMakeFiles/CMakeTmp'
Makefile:126: recipe for target 'cmTC_2cf4e/fast' failed
make: *** [cmTC_2cf4e/fast] Error 2

File /home/ubuntu/gpu-mst/RecMST-Duplicate/build/CMakeFiles/CMakeTmp/CheckSymbolExists.cxx:
/* */
#include <pthread.h>

int main(int argc, char** argv)
{
  (void)argv;
#ifndef pthread_create
  return ((int*)(&pthread_create))[argc];
#else
  (void)argc;
  return 0;
#endif
}

Determining if the function pthread_create exists in the pthreads failed with the following output:
Change Dir: /home/ubuntu/gpu-mst/RecMST-Duplicate/build/CMakeFiles/CMakeTmp

Run Build Command:"/usr/bin/make" "cmTC_392df/fast"
/usr/bin/make -f CMakeFiles/cmTC_392df.dir/build.make CMakeFiles/cmTC_392df.dir/build
make[1]: Entering directory '/home/ubuntu/gpu-mst/RecMST-Duplicate/build/CMakeFiles/CMakeTmp'
Building CXX object CMakeFiles/cmTC_392df.dir/CheckFunctionExists.cxx.o
/usr/bin/c++    -DCHECK_FUNCTION_EXISTS=pthread_create   -o CMakeFiles/cmTC_392df.dir/CheckFunctionExists.cxx.o -c /home/ubuntu/gpu-mst/RecMST-Duplicate/build/CMakeFiles/CheckLibraryExists/CheckFunctionExists.cxx
Linking CXX executable cmTC_392df
/usr/bin/cmake -E cmake_link_script CMakeFiles/cmTC_392df.dir/link.txt --verbose=1
/usr/bin/c++   -DCHECK_FUNCTION_EXISTS=pthread_create    CMakeFiles/cmTC_392df.dir/CheckFunctionExists.cxx.o  -o cmTC_392df -lpthreads 
/usr/bin/ld: cannot find -lpthreads
collect2: error: ld returned 1 exit status
CMakeFiles/cmTC_392df.dir/build.make:97: recipe for target 'cmTC_392df' failed
make[1]: *** [cmTC_392df] Error 1
make[1]: Leaving directory '/home/ubuntu/gpu-mst/RecMST-Duplicate/build/CMakeFiles/CMakeTmp'
Makefile:126: recipe for target 'cmTC_392df/fast' failed
make: *** [cmTC_392df/fast] Error 2


